This is pdfTeX, Version 3.14159265-2.6-1.40.18 (TeX Live 2017/Debian) (preloaded format=pdflatex 2019.3.10)  29 OCT 2019 20:20
entering extended mode
 restricted \write18 enabled.
 %&-line parsing enabled.
**math_imagery.tex
(./math_imagery.tex
LaTeX2e <2017-04-15>
Babel <3.18> and hyphenation patterns for 84 language(s) loaded.
(/usr/share/texlive/texmf-dist/tex/latex/base/article.cls
Document Class: article 2014/09/29 v1.4h Standard LaTeX document class
(/usr/share/texlive/texmf-dist/tex/latex/base/size12.clo
File: size12.clo 2014/09/29 v1.4h Standard LaTeX file (size option)
)
\c@part=\count79
\c@section=\count80
\c@subsection=\count81
\c@subsubsection=\count82
\c@paragraph=\count83
\c@subparagraph=\count84
\c@figure=\count85
\c@table=\count86
\abovecaptionskip=\skip41
\belowcaptionskip=\skip42
\bibindent=\dimen102
)
(/usr/share/texlive/texmf-dist/tex/latex/amsfonts/amssymb.sty
Package: amssymb 2013/01/14 v3.01 AMS font symbols

(/usr/share/texlive/texmf-dist/tex/latex/amsfonts/amsfonts.sty
Package: amsfonts 2013/01/14 v3.01 Basic AMSFonts support
\@emptytoks=\toks14
\symAMSa=\mathgroup4
\symAMSb=\mathgroup5
LaTeX Font Info:    Overwriting math alphabet `\mathfrak' in version `bold'
(Font)                  U/euf/m/n --> U/euf/b/n on input line 106.
))
(/usr/share/texlive/texmf-dist/tex/latex/amsmath/amsmath.sty
Package: amsmath 2017/09/02 v2.17a AMS math features
\@mathmargin=\skip43

For additional information on amsmath, use the `?' option.
(/usr/share/texlive/texmf-dist/tex/latex/amsmath/amstext.sty
Package: amstext 2000/06/29 v2.01 AMS text

(/usr/share/texlive/texmf-dist/tex/latex/amsmath/amsgen.sty
File: amsgen.sty 1999/11/30 v2.0 generic functions
\@emptytoks=\toks15
\ex@=\dimen103
))
(/usr/share/texlive/texmf-dist/tex/latex/amsmath/amsbsy.sty
Package: amsbsy 1999/11/29 v1.2d Bold Symbols
\pmbraise@=\dimen104
)
(/usr/share/texlive/texmf-dist/tex/latex/amsmath/amsopn.sty
Package: amsopn 2016/03/08 v2.02 operator names
)
\inf@bad=\count87
LaTeX Info: Redefining \frac on input line 213.
\uproot@=\count88
\leftroot@=\count89
LaTeX Info: Redefining \overline on input line 375.
\classnum@=\count90
\DOTSCASE@=\count91
LaTeX Info: Redefining \ldots on input line 472.
LaTeX Info: Redefining \dots on input line 475.
LaTeX Info: Redefining \cdots on input line 596.
\Mathstrutbox@=\box26
\strutbox@=\box27
\big@size=\dimen105
LaTeX Font Info:    Redeclaring font encoding OML on input line 712.
LaTeX Font Info:    Redeclaring font encoding OMS on input line 713.
\macc@depth=\count92
\c@MaxMatrixCols=\count93
\dotsspace@=\muskip10
\c@parentequation=\count94
\dspbrk@lvl=\count95
\tag@help=\toks16
\row@=\count96
\column@=\count97
\maxfields@=\count98
\andhelp@=\toks17
\eqnshift@=\dimen106
\alignsep@=\dimen107
\tagshift@=\dimen108
\tagwidth@=\dimen109
\totwidth@=\dimen110
\lineht@=\dimen111
\@envbody=\toks18
\multlinegap=\skip44
\multlinetaggap=\skip45
\mathdisplay@stack=\toks19
LaTeX Info: Redefining \[ on input line 2817.
LaTeX Info: Redefining \] on input line 2818.
)
(/usr/share/texlive/texmf-dist/tex/latex/braket/braket.sty)
(/usr/share/texlive/texmf-dist/tex/latex/geometry/geometry.sty
Package: geometry 2010/09/12 v5.6 Page Geometry

(/usr/share/texlive/texmf-dist/tex/latex/graphics/keyval.sty
Package: keyval 2014/10/28 v1.15 key=value parser (DPC)
\KV@toks@=\toks20
)
(/usr/share/texlive/texmf-dist/tex/generic/oberdiek/ifpdf.sty
Package: ifpdf 2017/03/15 v3.2 Provides the ifpdf switch
)
(/usr/share/texlive/texmf-dist/tex/generic/oberdiek/ifvtex.sty
Package: ifvtex 2016/05/16 v1.6 Detect VTeX and its facilities (HO)
Package ifvtex Info: VTeX not detected.
)
(/usr/share/texlive/texmf-dist/tex/generic/ifxetex/ifxetex.sty
Package: ifxetex 2010/09/12 v0.6 Provides ifxetex conditional
)
\Gm@cnth=\count99
\Gm@cntv=\count100
\c@Gm@tempcnt=\count101
\Gm@bindingoffset=\dimen112
\Gm@wd@mp=\dimen113
\Gm@odd@mp=\dimen114
\Gm@even@mp=\dimen115
\Gm@layoutwidth=\dimen116
\Gm@layoutheight=\dimen117
\Gm@layouthoffset=\dimen118
\Gm@layoutvoffset=\dimen119
\Gm@dimlist=\toks21
)
(/usr/share/texlive/texmf-dist/tex/latex/graphics/graphicx.sty
Package: graphicx 2017/06/01 v1.1a Enhanced LaTeX Graphics (DPC,SPQR)

(/usr/share/texlive/texmf-dist/tex/latex/graphics/graphics.sty
Package: graphics 2017/06/25 v1.2c Standard LaTeX Graphics (DPC,SPQR)

(/usr/share/texlive/texmf-dist/tex/latex/graphics/trig.sty
Package: trig 2016/01/03 v1.10 sin cos tan (DPC)
)
(/usr/share/texlive/texmf-dist/tex/latex/graphics-cfg/graphics.cfg
File: graphics.cfg 2016/06/04 v1.11 sample graphics configuration
)
Package graphics Info: Driver file: pdftex.def on input line 99.

(/usr/share/texlive/texmf-dist/tex/latex/graphics-def/pdftex.def
File: pdftex.def 2018/01/08 v1.0l Graphics/color driver for pdftex
))
\Gin@req@height=\dimen120
\Gin@req@width=\dimen121
)
(/usr/share/texlive/texmf-dist/tex/latex/caption/subcaption.sty
Package: subcaption 2016/05/22 v1.1-161 Sub-captions (AR)

(/usr/share/texlive/texmf-dist/tex/latex/caption/caption.sty
Package: caption 2016/02/21 v3.3-144 Customizing captions (AR)

(/usr/share/texlive/texmf-dist/tex/latex/caption/caption3.sty
Package: caption3 2016/05/22 v1.7-166 caption3 kernel (AR)
Package caption3 Info: TeX engine: e-TeX on input line 67.
\captionmargin=\dimen122
\captionmargin@=\dimen123
\captionwidth=\dimen124
\caption@tempdima=\dimen125
\caption@indent=\dimen126
\caption@parindent=\dimen127
\caption@hangindent=\dimen128
)
\c@ContinuedFloat=\count102
)
\c@subfigure=\count103
\c@subtable=\count104
)
(/usr/share/texlive/texmf-dist/tex/latex/relsize/relsize.sty
Package: relsize 2013/03/29 ver 4.1
)
(/usr/share/texlive/texmf-dist/tex/latex/oberdiek/pdflscape.sty
Package: pdflscape 2016/05/14 v0.11 Display of landscape pages in PDF (HO)

(/usr/share/texlive/texmf-dist/tex/latex/graphics/lscape.sty
Package: lscape 2000/10/22 v3.01 Landscape Pages (DPC)
)
Package pdflscape Info: Auto-detected driver: pdftex on input line 81.
)
(./math_imagery.aux)
\openout1 = `math_imagery.aux'.

LaTeX Font Info:    Checking defaults for OML/cmm/m/it on input line 10.
LaTeX Font Info:    ... okay on input line 10.
LaTeX Font Info:    Checking defaults for T1/cmr/m/n on input line 10.
LaTeX Font Info:    ... okay on input line 10.
LaTeX Font Info:    Checking defaults for OT1/cmr/m/n on input line 10.
LaTeX Font Info:    ... okay on input line 10.
LaTeX Font Info:    Checking defaults for OMS/cmsy/m/n on input line 10.
LaTeX Font Info:    ... okay on input line 10.
LaTeX Font Info:    Checking defaults for OMX/cmex/m/n on input line 10.
LaTeX Font Info:    ... okay on input line 10.
LaTeX Font Info:    Checking defaults for U/cmr/m/n on input line 10.
LaTeX Font Info:    ... okay on input line 10.

*geometry* driver: auto-detecting
*geometry* detected driver: pdftex
*geometry* verbose mode - [ preamble ] result:
* driver: pdftex
* paper: <default>
* layout: <same size as paper>
* layoutoffset:(h,v)=(0.0pt,0.0pt)
* modes: 
* h-part:(L,W,R)=(7.22743pt, 599.84013pt, 7.22743pt)
* v-part:(T,H,B)=(7.22743pt, 780.51512pt, 7.22743pt)
* \paperwidth=614.295pt
* \paperheight=794.96999pt
* \textwidth=599.84013pt
* \textheight=780.51512pt
* \oddsidemargin=-65.04256pt
* \evensidemargin=-65.04256pt
* \topmargin=-102.04256pt
* \headheight=12.0pt
* \headsep=25.0pt
* \topskip=12.0pt
* \footskip=30.0pt
* \marginparwidth=44.0pt
* \marginparsep=10.0pt
* \columnsep=10.0pt
* \skip\footins=10.8pt plus 4.0pt minus 2.0pt
* \hoffset=0.0pt
* \voffset=0.0pt
* \mag=1000
* \@twocolumnfalse
* \@twosidefalse
* \@mparswitchfalse
* \@reversemarginfalse
* (1in=72.27pt=25.4mm, 1cm=28.453pt)

(/usr/share/texlive/texmf-dist/tex/context/base/mkii/supp-pdf.mkii
[Loading MPS to PDF converter (version 2006.09.02).]
\scratchcounter=\count105
\scratchdimen=\dimen129
\scratchbox=\box28
\nofMPsegments=\count106
\nofMParguments=\count107
\everyMPshowfont=\toks22
\MPscratchCnt=\count108
\MPscratchDim=\dimen130
\MPnumerator=\count109
\makeMPintoPDFobject=\count110
\everyMPtoPDFconversion=\toks23
) (/usr/share/texlive/texmf-dist/tex/latex/oberdiek/epstopdf-base.sty
Package: epstopdf-base 2016/05/15 v2.6 Base part for package epstopdf

(/usr/share/texlive/texmf-dist/tex/generic/oberdiek/infwarerr.sty
Package: infwarerr 2016/05/16 v1.4 Providing info/warning/error messages (HO)
)
(/usr/share/texlive/texmf-dist/tex/latex/oberdiek/grfext.sty
Package: grfext 2016/05/16 v1.2 Manage graphics extensions (HO)

(/usr/share/texlive/texmf-dist/tex/generic/oberdiek/kvdefinekeys.sty
Package: kvdefinekeys 2016/05/16 v1.4 Define keys (HO)

(/usr/share/texlive/texmf-dist/tex/generic/oberdiek/ltxcmds.sty
Package: ltxcmds 2016/05/16 v1.23 LaTeX kernel commands for general use (HO)
)))
(/usr/share/texlive/texmf-dist/tex/latex/oberdiek/kvoptions.sty
Package: kvoptions 2016/05/16 v3.12 Key value format for package options (HO)

(/usr/share/texlive/texmf-dist/tex/generic/oberdiek/kvsetkeys.sty
Package: kvsetkeys 2016/05/16 v1.17 Key value parser (HO)

(/usr/share/texlive/texmf-dist/tex/generic/oberdiek/etexcmds.sty
Package: etexcmds 2016/05/16 v1.6 Avoid name clashes with e-TeX commands (HO)

(/usr/share/texlive/texmf-dist/tex/generic/oberdiek/ifluatex.sty
Package: ifluatex 2016/05/16 v1.4 Provides the ifluatex switch (HO)
Package ifluatex Info: LuaTeX not detected.
)
Package etexcmds Info: Could not find \expanded.
(etexcmds)             That can mean that you are not using pdfTeX 1.50 or
(etexcmds)             that some package has redefined \expanded.
(etexcmds)             In the latter case, load this package earlier.
)))
(/usr/share/texlive/texmf-dist/tex/generic/oberdiek/pdftexcmds.sty
Package: pdftexcmds 2018/01/21 v0.26 Utility functions of pdfTeX for LuaTeX (HO
)
Package pdftexcmds Info: LuaTeX not detected.
Package pdftexcmds Info: \pdf@primitive is available.
Package pdftexcmds Info: \pdf@ifprimitive is available.
Package pdftexcmds Info: \pdfdraftmode found.
)
Package epstopdf-base Info: Redefining graphics rule for `.eps' on input line 4
38.
Package grfext Info: Graphics extension search list:
(grfext)             [.pdf,.png,.jpg,.mps,.jpeg,.jbig2,.jb2,.PDF,.PNG,.JPG,.JPE
G,.JBIG2,.JB2,.eps]
(grfext)             \AppendGraphicsExtensions on input line 456.

(/usr/share/texlive/texmf-dist/tex/latex/latexconfig/epstopdf-sys.cfg
File: epstopdf-sys.cfg 2010/07/13 v1.3 Configuration of (r)epstopdf for TeX Liv
e
))
Package caption Info: Begin \AtBeginDocument code.
Package caption Info: End \AtBeginDocument code.
LaTeX Font Info:    Try loading font information for U+msa on input line 16.

(/usr/share/texlive/texmf-dist/tex/latex/amsfonts/umsa.fd
File: umsa.fd 2013/01/14 v3.01 AMS symbols A
)
LaTeX Font Info:    Try loading font information for U+msb on input line 16.

(/usr/share/texlive/texmf-dist/tex/latex/amsfonts/umsb.fd
File: umsb.fd 2013/01/14 v3.01 AMS symbols B
) [1

{/var/lib/texmf/fonts/map/pdftex/updmap/pdftex.map}]

LaTeX Warning: No positions in optional float specifier.
               Default added (so using `tbp') on input line 26.

[2

]
<sd_3.png, id=14, 469.755pt x 305.14pt>
File: sd_3.png Graphic file (type png)
<use sd_3.png>
Package pdftex.def Info: sd_3.png  used on input line 60.
(pdftex.def)             Requested size: 143.96492pt x 93.5122pt.
File: sd_3.png Graphic file (type png)
<use sd_3.png>
Package pdftex.def Info: sd_3.png  used on input line 62.
(pdftex.def)             Requested size: 143.96492pt x 93.5122pt.
File: sd_3.png Graphic file (type png)
<use sd_3.png>
Package pdftex.def Info: sd_3.png  used on input line 64.
(pdftex.def)             Requested size: 143.96492pt x 93.5122pt.
File: sd_3.png Graphic file (type png)
<use sd_3.png>
Package pdftex.def Info: sd_3.png  used on input line 69.
(pdftex.def)             Requested size: 143.96492pt x 93.5122pt.
File: sd_3.png Graphic file (type png)
<use sd_3.png>
Package pdftex.def Info: sd_3.png  used on input line 71.
(pdftex.def)             Requested size: 143.96492pt x 93.5122pt.
File: sd_3.png Graphic file (type png)
<use sd_3.png>
Package pdftex.def Info: sd_3.png  used on input line 73.
(pdftex.def)             Requested size: 143.96492pt x 93.5122pt.
File: sd_3.png Graphic file (type png)
<use sd_3.png>
Package pdftex.def Info: sd_3.png  used on input line 78.
(pdftex.def)             Requested size: 143.96492pt x 93.5122pt.
File: sd_3.png Graphic file (type png)
<use sd_3.png>
Package pdftex.def Info: sd_3.png  used on input line 80.
(pdftex.def)             Requested size: 143.96492pt x 93.5122pt.
File: sd_3.png Graphic file (type png)
<use sd_3.png>
Package pdftex.def Info: sd_3.png  used on input line 82.
(pdftex.def)             Requested size: 143.96492pt x 93.5122pt.
 [3

] [4]

Package relsize Warning: Font size 24.88792pt is too large.
(relsize)                Using 24.88pt instead on input line 95.


Package relsize Warning: Font size 29.85591pt is too large.
(relsize)                Using 24.88pt instead on input line 95.


Package relsize Warning: Font size 29.85591pt is too large.
(relsize)                Using 24.88pt instead on input line 95.


Package relsize Warning: Font size 29.85591pt is too large.
(relsize)                Using 24.88pt instead on input line 95.


Package relsize Warning: Font size 29.85591pt is too large.
(relsize)                Using 24.88pt instead on input line 95.


Package relsize Warning: Font size 29.85591pt is too large.
(relsize)                Using 24.88pt instead on input line 95.


Package relsize Warning: Font size 24.88792pt is too large.
(relsize)                Using 24.88pt instead on input line 95.


Package relsize Warning: Font size 29.85591pt is too large.
(relsize)                Using 24.88pt instead on input line 95.


Package relsize Warning: Font size 24.88792pt is too large.
(relsize)                Using 24.88pt instead on input line 95.


Package relsize Warning: Font size 24.88792pt is too large.
(relsize)                Using 24.88pt instead on input line 95.


Package relsize Warning: Font size 24.88792pt is too large.
(relsize)                Using 24.88pt instead on input line 95.


Package relsize Warning: Font size 24.88792pt is too large.
(relsize)                Using 24.88pt instead on input line 95.


Package relsize Warning: Font size 29.85591pt is too large.
(relsize)                Using 24.88pt instead on input line 95.


Package relsize Warning: Font size 24.88792pt is too large.
(relsize)                Using 24.88pt instead on input line 95.


Package relsize Warning: Font size 24.88792pt is too large.
(relsize)                Using 24.88pt instead on input line 95.


Package relsize Warning: Font size 24.88792pt is too large.
(relsize)                Using 24.88pt instead on input line 95.


Package relsize Warning: Font size 24.88792pt is too large.
(relsize)                Using 24.88pt instead on input line 95.


Package relsize Warning: Font size 29.85591pt is too large.
(relsize)                Using 24.88pt instead on input line 95.


Package relsize Warning: Font size 24.88792pt is too large.
(relsize)                Using 24.88pt instead on input line 95.


Package relsize Warning: Font size 24.88792pt is too large.
(relsize)                Using 24.88pt instead on input line 95.


Package relsize Warning: Font size 24.88792pt is too large.
(relsize)                Using 24.88pt instead on input line 95.


Package relsize Warning: Font size 24.88792pt is too large.
(relsize)                Using 24.88pt instead on input line 95.


Package relsize Warning: Font size 29.85591pt is too large.
(relsize)                Using 24.88pt instead on input line 95.


Package relsize Warning: Font size 24.88792pt is too large.
(relsize)                Using 24.88pt instead on input line 95.


Package relsize Warning: Font size 24.88792pt is too large.
(relsize)                Using 24.88pt instead on input line 95.


Package relsize Warning: Font size 24.88792pt is too large.
(relsize)                Using 24.88pt instead on input line 95.


Package relsize Warning: Font size 24.88792pt is too large.
(relsize)                Using 24.88pt instead on input line 95.


Package relsize Warning: Font size 24.88792pt is too large.
(relsize)                Using 24.88pt instead on input line 95.


Package relsize Warning: Font size 24.88792pt is too large.
(relsize)                Using 24.88pt instead on input line 95.


Package relsize Warning: Font size 24.88792pt is too large.
(relsize)                Using 24.88pt instead on input line 95.


Package relsize Warning: Font size 29.85591pt is too large.
(relsize)                Using 24.88pt instead on input line 95.


Package relsize Warning: Font size 24.88792pt is too large.
(relsize)                Using 24.88pt instead on input line 95.


Package relsize Warning: Font size 24.88792pt is too large.
(relsize)                Using 24.88pt instead on input line 95.


Package relsize Warning: Font size 24.88792pt is too large.
(relsize)                Using 24.88pt instead on input line 95.


Package relsize Warning: Font size 24.88792pt is too large.
(relsize)                Using 24.88pt instead on input line 95.


Package relsize Warning: Font size 24.88792pt is too large.
(relsize)                Using 24.88pt instead on input line 95.


Package relsize Warning: Font size 24.88792pt is too large.
(relsize)                Using 24.88pt instead on input line 95.


Package relsize Warning: Font size 24.88792pt is too large.
(relsize)                Using 24.88pt instead on input line 95.


Package relsize Warning: Font size 29.85591pt is too large.
(relsize)                Using 24.88pt instead on input line 95.


Package relsize Warning: Font size 24.88792pt is too large.
(relsize)                Using 24.88pt instead on input line 95.


Package relsize Warning: Font size 24.88792pt is too large.
(relsize)                Using 24.88pt instead on input line 95.


Package relsize Warning: Font size 24.88792pt is too large.
(relsize)                Using 24.88pt instead on input line 95.


Package relsize Warning: Font size 24.88792pt is too large.
(relsize)                Using 24.88pt instead on input line 95.


Package relsize Warning: Font size 24.88792pt is too large.
(relsize)                Using 24.88pt instead on input line 95.


Package relsize Warning: Font size 24.88792pt is too large.
(relsize)                Using 24.88pt instead on input line 95.


Package relsize Warning: Font size 24.88792pt is too large.
(relsize)                Using 24.88pt instead on input line 95.


Package relsize Warning: Font size 29.85591pt is too large.
(relsize)                Using 24.88pt instead on input line 95.


Package relsize Warning: Font size 24.88792pt is too large.
(relsize)                Using 24.88pt instead on input line 95.


Package relsize Warning: Font size 24.88792pt is too large.
(relsize)                Using 24.88pt instead on input line 95.


Package relsize Warning: Font size 24.88792pt is too large.
(relsize)                Using 24.88pt instead on input line 95.


Package relsize Warning: Font size 24.88792pt is too large.
(relsize)                Using 24.88pt instead on input line 95.


Package relsize Warning: Font size 24.88792pt is too large.
(relsize)                Using 24.88pt instead on input line 95.


Package relsize Warning: Font size 24.88792pt is too large.
(relsize)                Using 24.88pt instead on input line 95.


Package relsize Warning: Font size 24.88792pt is too large.
(relsize)                Using 24.88pt instead on input line 95.


Package relsize Warning: Font size 24.88792pt is too large.
(relsize)                Using 24.88pt instead on input line 95.


Package relsize Warning: Font size 24.88792pt is too large.
(relsize)                Using 24.88pt instead on input line 95.


Package relsize Warning: Font size 24.88792pt is too large.
(relsize)                Using 24.88pt instead on input line 95.


Package relsize Warning: Font size 29.85591pt is too large.
(relsize)                Using 24.88pt instead on input line 95.


Package relsize Warning: Font size 24.88792pt is too large.
(relsize)                Using 24.88pt instead on input line 95.


Package relsize Warning: Font size 24.88792pt is too large.
(relsize)                Using 24.88pt instead on input line 95.


Package relsize Warning: Font size 24.88792pt is too large.
(relsize)                Using 24.88pt instead on input line 95.


Package relsize Warning: Font size 24.88792pt is too large.
(relsize)                Using 24.88pt instead on input line 95.


Package relsize Warning: Font size 24.88792pt is too large.
(relsize)                Using 24.88pt instead on input line 95.


Package relsize Warning: Font size 24.88792pt is too large.
(relsize)                Using 24.88pt instead on input line 95.


Package relsize Warning: Font size 24.88792pt is too large.
(relsize)                Using 24.88pt instead on input line 95.


Package relsize Warning: Font size 24.88792pt is too large.
(relsize)                Using 24.88pt instead on input line 95.


Package relsize Warning: Font size 24.88792pt is too large.
(relsize)                Using 24.88pt instead on input line 95.


Package relsize Warning: Font size 24.88792pt is too large.
(relsize)                Using 24.88pt instead on input line 95.


Package relsize Warning: Font size 29.85591pt is too large.
(relsize)                Using 24.88pt instead on input line 95.


Package relsize Warning: Font size 24.88792pt is too large.
(relsize)                Using 24.88pt instead on input line 95.


Package relsize Warning: Font size 24.88792pt is too large.
(relsize)                Using 24.88pt instead on input line 95.


Package relsize Warning: Font size 24.88792pt is too large.
(relsize)                Using 24.88pt instead on input line 95.


Package relsize Warning: Font size 24.88792pt is too large.
(relsize)                Using 24.88pt instead on input line 95.


Package relsize Warning: Font size 24.88792pt is too large.
(relsize)                Using 24.88pt instead on input line 95.


Package relsize Warning: Font size 24.88792pt is too large.
(relsize)                Using 24.88pt instead on input line 95.


Package relsize Warning: Font size 24.88792pt is too large.
(relsize)                Using 24.88pt instead on input line 95.


Package relsize Warning: Font size 24.88792pt is too large.
(relsize)                Using 24.88pt instead on input line 95.


Package relsize Warning: Font size 24.88792pt is too large.
(relsize)                Using 24.88pt instead on input line 95.


Package relsize Warning: Font size 24.88792pt is too large.
(relsize)                Using 24.88pt instead on input line 95.


Package relsize Warning: Font size 29.85591pt is too large.
(relsize)                Using 24.88pt instead on input line 95.


Package relsize Warning: Font size 24.88792pt is too large.
(relsize)                Using 24.88pt instead on input line 95.


Package relsize Warning: Font size 24.88792pt is too large.
(relsize)                Using 24.88pt instead on input line 95.


Package relsize Warning: Font size 24.88792pt is too large.
(relsize)                Using 24.88pt instead on input line 95.


Package relsize Warning: Font size 24.88792pt is too large.
(relsize)                Using 24.88pt instead on input line 95.


Package relsize Warning: Font size 24.88792pt is too large.
(relsize)                Using 24.88pt instead on input line 95.


Package relsize Warning: Font size 24.88792pt is too large.
(relsize)                Using 24.88pt instead on input line 95.


Package relsize Warning: Font size 24.88792pt is too large.
(relsize)                Using 24.88pt instead on input line 95.


Package relsize Warning: Font size 24.88792pt is too large.
(relsize)                Using 24.88pt instead on input line 95.


Package relsize Warning: Font size 24.88792pt is too large.
(relsize)                Using 24.88pt instead on input line 95.


Package relsize Warning: Font size 24.88792pt is too large.
(relsize)                Using 24.88pt instead on input line 95.


Package relsize Warning: Font size 24.88792pt is too large.
(relsize)                Using 24.88pt instead on input line 95.


Package relsize Warning: Font size 24.88792pt is too large.
(relsize)                Using 24.88pt instead on input line 95.


Package relsize Warning: Font size 24.88792pt is too large.
(relsize)                Using 24.88pt instead on input line 95.


Package relsize Warning: Font size 29.85591pt is too large.
(relsize)                Using 24.88pt instead on input line 95.


Package relsize Warning: Font size 24.88792pt is too large.
(relsize)                Using 24.88pt instead on input line 95.


Package relsize Warning: Font size 24.88792pt is too large.
(relsize)                Using 24.88pt instead on input line 95.


Package relsize Warning: Font size 24.88792pt is too large.
(relsize)                Using 24.88pt instead on input line 95.


Package relsize Warning: Font size 24.88792pt is too large.
(relsize)                Using 24.88pt instead on input line 95.


Package relsize Warning: Font size 24.88792pt is too large.
(relsize)                Using 24.88pt instead on input line 95.


Package relsize Warning: Font size 24.88792pt is too large.
(relsize)                Using 24.88pt instead on input line 95.


Package relsize Warning: Font size 24.88792pt is too large.
(relsize)                Using 24.88pt instead on input line 95.


Package relsize Warning: Font size 24.88792pt is too large.
(relsize)                Using 24.88pt instead on input line 95.


Package relsize Warning: Font size 24.88792pt is too large.
(relsize)                Using 24.88pt instead on input line 95.


Package relsize Warning: Font size 24.88792pt is too large.
(relsize)                Using 24.88pt instead on input line 95.


Package relsize Warning: Font size 24.88792pt is too large.
(relsize)                Using 24.88pt instead on input line 95.


Package relsize Warning: Font size 24.88792pt is too large.
(relsize)                Using 24.88pt instead on input line 95.


Package relsize Warning: Font size 24.88792pt is too large.
(relsize)                Using 24.88pt instead on input line 95.


Package relsize Warning: Font size 29.85591pt is too large.
(relsize)                Using 24.88pt instead on input line 95.


Package relsize Warning: Font size 24.88792pt is too large.
(relsize)                Using 24.88pt instead on input line 95.


Package relsize Warning: Font size 24.88792pt is too large.
(relsize)                Using 24.88pt instead on input line 95.


Package relsize Warning: Font size 24.88792pt is too large.
(relsize)                Using 24.88pt instead on input line 95.


Package relsize Warning: Font size 24.88792pt is too large.
(relsize)                Using 24.88pt instead on input line 95.


Package relsize Warning: Font size 24.88792pt is too large.
(relsize)                Using 24.88pt instead on input line 95.


Package relsize Warning: Font size 24.88792pt is too large.
(relsize)                Using 24.88pt instead on input line 95.


Package relsize Warning: Font size 24.88792pt is too large.
(relsize)                Using 24.88pt instead on input line 95.


Package relsize Warning: Font size 24.88792pt is too large.
(relsize)                Using 24.88pt instead on input line 95.


Package relsize Warning: Font size 24.88792pt is too large.
(relsize)                Using 24.88pt instead on input line 95.


Package relsize Warning: Font size 24.88792pt is too large.
(relsize)                Using 24.88pt instead on input line 95.


Package relsize Warning: Font size 24.88792pt is too large.
(relsize)                Using 24.88pt instead on input line 95.


Package relsize Warning: Font size 24.88792pt is too large.
(relsize)                Using 24.88pt instead on input line 95.

[5] [6] [7 <./sd_3.png>] (./math_imagery.aux) ) 
Here is how much of TeX's memory you used:
 4090 strings out of 492982
 60181 string characters out of 6134896
 148415 words of memory out of 5000000
 7591 multiletter control sequences out of 15000+600000
 18951 words of font info for 74 fonts, out of 8000000 for 9000
 1141 hyphenation exceptions out of 8191
 42i,24n,40p,699b,487s stack positions out of 5000i,500n,10000p,200000b,80000s
</usr/share/texlive/texmf-dist/f
onts/type1/public/amsfonts/cm/cmbx10.pfb></usr/share/texlive/texmf-dist/fonts/t
ype1/public/amsfonts/cm/cmbx12.pfb></usr/share/texlive/texmf-dist/fonts/type1/p
ublic/amsfonts/cm/cmex10.pfb></usr/share/texlive/texmf-dist/fonts/type1/public/
amsfonts/cm/cmmi10.pfb></usr/share/texlive/texmf-dist/fonts/type1/public/amsfon
ts/cm/cmmi12.pfb></usr/share/texlive/texmf-dist/fonts/type1/public/amsfonts/cm/
cmmi8.pfb></usr/share/texlive/texmf-dist/fonts/type1/public/amsfonts/cm/cmr10.p
fb></usr/share/texlive/texmf-dist/fonts/type1/public/amsfonts/cm/cmr12.pfb></us
r/share/texlive/texmf-dist/fonts/type1/public/amsfonts/cm/cmr8.pfb></usr/share/
texlive/texmf-dist/fonts/type1/public/amsfonts/cm/cmsy10.pfb></usr/share/texliv
e/texmf-dist/fonts/type1/public/amsfonts/cm/cmsy8.pfb>
Output written on math_imagery.pdf (7 pages, 143377 bytes).
PDF statistics:
 75 PDF objects out of 1000 (max. 8388607)
 52 compressed objects within 1 object stream
 0 named destinations out of 1000 (max. 500000)
 6 words of extra memory for PDF output out of 10000 (max. 10000000)

